[1.403s] DEBUG:colcon:Command line arguments: ['/usr/bin/colcon', 'list', '-p', '--base-paths', '/home/luqman/Desktop/15-ROS2-for-begginers']
[1.404s] DEBUG:colcon:Parsed command line arguments: Namespace(base_paths=['/home/luqman/Desktop/15-ROS2-for-begginers'], build_base='build', ignore_user_meta=False, log_base=None, log_level=None, main=<bound method ListVerb.main of <colcon_package_information.verb.list.ListVerb object at 0x7f268b746d60>>, metas=['./colcon.meta'], names_only=False, packages_above=None, packages_above_and_dependencies=None, packages_above_depth=None, packages_end=None, packages_ignore=None, packages_ignore_regex=None, packages_select=None, packages_select_build_failed=False, packages_select_by_dep=None, packages_select_regex=None, packages_select_test_failures=False, packages_skip=None, packages_skip_build_finished=False, packages_skip_by_dep=None, packages_skip_regex=None, packages_skip_test_passed=False, packages_skip_up_to=None, packages_start=None, packages_up_to=None, packages_up_to_regex=None, paths=None, paths_only=True, topological_graph=False, topological_graph_density=False, topological_graph_dot=False, topological_graph_dot_cluster=False, topological_graph_dot_include_skipped=False, topological_graph_legend=False, topological_order=False, verb_extension=<colcon_package_information.verb.list.ListVerb object at 0x7f268b746d60>, verb_name='list', verb_parser=<colcon_defaults.argument_parser.defaults.DefaultArgumentsDecorator object at 0x7f268b61ae80>)
[1.498s] Level 1:colcon.colcon_core.package_discovery:discover_packages(colcon_meta) check parameters
[1.498s] Level 1:colcon.colcon_core.package_discovery:discover_packages(recursive) check parameters
[1.498s] Level 1:colcon.colcon_core.package_discovery:discover_packages(ignore) check parameters
[1.498s] Level 1:colcon.colcon_core.package_discovery:discover_packages(path) check parameters
[1.498s] Level 1:colcon.colcon_core.package_discovery:discover_packages(recursive) discover
[1.499s] INFO:colcon.colcon_core.package_discovery:Crawling recursively for packages in '/home/luqman/Desktop/15-ROS2-for-begginers'
[1.499s] Level 1:colcon.colcon_core.package_identification:_identify(/home/luqman/Desktop/15-ROS2-for-begginers) by extensions ['ignore', 'ignore_ament_install']
[1.499s] Level 1:colcon.colcon_core.package_identification:_identify(/home/luqman/Desktop/15-ROS2-for-begginers) by extension 'ignore'
[1.499s] Level 1:colcon.colcon_core.package_identification:_identify(/home/luqman/Desktop/15-ROS2-for-begginers) by extension 'ignore_ament_install'
[1.500s] Level 1:colcon.colcon_core.package_identification:_identify(/home/luqman/Desktop/15-ROS2-for-begginers) by extensions ['colcon_pkg']
[1.500s] Level 1:colcon.colcon_core.package_identification:_identify(/home/luqman/Desktop/15-ROS2-for-begginers) by extension 'colcon_pkg'
[1.500s] Level 1:colcon.colcon_core.package_identification:_identify(/home/luqman/Desktop/15-ROS2-for-begginers) by extensions ['colcon_meta']
[1.500s] Level 1:colcon.colcon_core.package_identification:_identify(/home/luqman/Desktop/15-ROS2-for-begginers) by extension 'colcon_meta'
[1.500s] Level 1:colcon.colcon_core.package_identification:_identify(/home/luqman/Desktop/15-ROS2-for-begginers) by extensions ['ros']
[1.500s] Level 1:colcon.colcon_core.package_identification:_identify(/home/luqman/Desktop/15-ROS2-for-begginers) by extension 'ros'
[1.533s] Level 1:colcon.colcon_core.package_identification:_identify(/home/luqman/Desktop/15-ROS2-for-begginers) by extensions ['cmake', 'python']
[1.533s] Level 1:colcon.colcon_core.package_identification:_identify(/home/luqman/Desktop/15-ROS2-for-begginers) by extension 'cmake'
[1.534s] Level 1:colcon.colcon_core.package_identification:_identify(/home/luqman/Desktop/15-ROS2-for-begginers) by extension 'python'
[1.534s] Level 1:colcon.colcon_core.package_identification:_identify(/home/luqman/Desktop/15-ROS2-for-begginers) by extensions ['python_setup_py']
[1.534s] Level 1:colcon.colcon_core.package_identification:_identify(/home/luqman/Desktop/15-ROS2-for-begginers) by extension 'python_setup_py'
[1.534s] Level 1:colcon.colcon_core.package_identification:_identify(/home/luqman/Desktop/15-ROS2-for-begginers/log) by extensions ['ignore', 'ignore_ament_install']
[1.535s] Level 1:colcon.colcon_core.package_identification:_identify(/home/luqman/Desktop/15-ROS2-for-begginers/log) by extension 'ignore'
[1.535s] Level 1:colcon.colcon_core.package_identification:_identify(/home/luqman/Desktop/15-ROS2-for-begginers/log) ignored
[1.535s] Level 1:colcon.colcon_core.package_discovery:discover_packages(recursive) using defaults
